<?xml version="1.0" encoding="UTF-8"?>
<!-- Generated by org.testng.reporters.JUnitXMLReporter -->
<testsuite ignored="0" hostname="LENO-ppandurang" failures="0" tests="4" name="Default test" time="68.125" errors="0" timestamp="2026-02-18T13:40:50 IST">
  <testcase classname="testCases.TC003_LoginDDT" name="verify_loginDDT" time="17.419"/>
  <testcase classname="testCases.TC003_LoginDDT" name="verify_loginDDT" time="13.188"/>
  <testcase classname="testCases.TC003_LoginDDT" name="verify_loginDDT" time="8.115"/>
  <testcase classname="testCases.TC003_LoginDDT" name="verify_loginDDT" time="12.284"/>
</testsuite> <!-- Default test -->
