<?xml version="1.0" encoding="UTF-8"?>
<!-- Generated by org.testng.reporters.JUnitXMLReporter -->
<testsuite ignored="0" hostname="LENO-ppandurang" failures="1" tests="5" name="Test" time="203.68" errors="0" timestamp="2026-02-20T12:46:02 IST">
  <testcase classname="testCases.TC002_LoginTest" name="verify_login" time="6.24"/>
  <testcase classname="testCases.TC003_LoginDDT" name="verify_loginDDT" time="10.128"/>
  <testcase classname="testCases.TC003_LoginDDT" name="verify_loginDDT" time="13.288"/>
  <testcase classname="testCases.TC003_LoginDDT" name="verify_loginDDT" time="134.908">
    <failure type="java.lang.AssertionError" message="expected [true] but found [false]">
      <![CDATA[java.lang.AssertionError: expected [true] but found [false]
at testCases.TC003_LoginDDT.verify_loginDDT(TC003_LoginDDT.java:42)
at java.base/java.util.ArrayList.forEach(ArrayList.java:1596)
... Removed 29 stack frames]]>
    </failure>
  </testcase> <!-- verify_loginDDT -->
  <testcase classname="testCases.TC003_LoginDDT" name="verify_loginDDT" time="18.158"/>
</testsuite> <!-- Test -->
