<?xml version="1.0" encoding="UTF-8"?>
<testng-results ignored="0" total="1" passed="1" failed="0" skipped="0">
  <reporter-output>
  </reporter-output>
  <suite started-at="2026-02-12T12:11:28 IST" name="Default suite" finished-at="2026-02-12T12:11:45 IST" duration-ms="16967">
    <groups>
    </groups>
    <test started-at="2026-02-12T12:11:28 IST" name="Default test" finished-at="2026-02-12T12:11:45 IST" duration-ms="16967">
      <class name="testCases.TC002_LoginTest">
        <test-method is-config="true" signature="setup(java.lang.String,java.lang.String)[pri:0, instance:testCases.TC002_LoginTest@a8c1f44]" started-at="2026-02-12T12:11:28 IST" name="setup" finished-at="2026-02-12T12:11:37 IST" duration-ms="9187" status="PASS">
          <params>
            <param index="0">
              <value>
                <![CDATA[Windows]]>
              </value>
            </param>
            <param index="1">
              <value>
                <![CDATA[chrome]]>
              </value>
            </param>
          </params>
          <reporter-output>
          </reporter-output>
        </test-method> <!-- setup -->
        <test-method signature="verify_login()[pri:0, instance:testCases.TC002_LoginTest@a8c1f44]" started-at="2026-02-12T12:11:37 IST" name="verify_login" finished-at="2026-02-12T12:11:44 IST" duration-ms="7101" status="PASS">
          <reporter-output>
          </reporter-output>
        </test-method> <!-- verify_login -->
        <test-method is-config="true" signature="tearDown()[pri:0, instance:testCases.TC002_LoginTest@a8c1f44]" started-at="2026-02-12T12:11:44 IST" name="tearDown" finished-at="2026-02-12T12:11:45 IST" duration-ms="627" status="PASS">
          <reporter-output>
          </reporter-output>
        </test-method> <!-- tearDown -->
      </class> <!-- testCases.TC002_LoginTest -->
    </test> <!-- Default test -->
  </suite> <!-- Default suite -->
</testng-results>
